2024-07-23 19:50:29.2441 INFO Entering the ProcessLogin Method
2024-07-23 19:50:39.4060 INFO Parameter: OCDD.Models.UserModel
2024-07-23 19:50:39.4060 INFO Leaving the ProcessLogin Method
2024-07-23 20:26:17.9673 INFO Entering the ProcessLogin Method
2024-07-23 20:26:32.8824 INFO Parameter: OCDD.Models.UserModel
2024-07-23 20:26:32.8824 INFO Leaving the ProcessLogin Method
2024-07-23 20:32:37.7496 INFO Entering the ProcessLogin Method
2024-07-23 20:32:54.1328 INFO Parameter: OCDD.Models.UserModel
2024-07-23 20:32:54.1328 INFO Leaving the ProcessLogin Method
2024-07-23 20:50:40.8693 INFO Entering the ProcessLogin Method
2024-07-23 20:50:40.9707 INFO Parameter: OCDD.Models.UserModel
2024-07-23 20:50:40.9707 INFO Leaving the ProcessLogin Method
2024-07-23 20:51:31.7110 INFO Entering the ProcessLogin Method
2024-07-23 20:51:31.7327 INFO Parameter: OCDD.Models.UserModel
2024-07-23 20:51:31.7327 INFO Leaving the ProcessLogin Method
2024-07-23 20:51:46.9797 INFO Entering the ProcessLogin Method
2024-07-23 20:51:46.9967 INFO Parameter: OCDD.Models.UserModel
2024-07-23 20:51:46.9967 INFO Leaving the ProcessLogin Method
2024-07-23 20:54:11.9858 INFO Entering the ProcessLogin Method
2024-07-23 20:54:12.0838 INFO Parameter: OCDD.Models.UserModel
2024-07-23 20:54:12.0838 INFO Leaving the ProcessLogin Method
2024-07-23 20:56:34.1875 INFO Entering the process login method
2024-07-23 20:57:11.1983 INFO Entering the process login method
2024-07-23 20:57:11.1983 INFO Entering the process login method
2024-07-23 20:57:12.0461 INFO Entering the process login method
2024-07-23 20:57:12.0461 INFO Entering the process login method
2024-07-23 20:57:16.6517 INFO Entering the process login method
2024-07-23 20:57:16.6517 INFO Entering the process login method
2024-07-23 20:58:55.0503 INFO Entering the process login method
2024-07-23 20:58:55.0656 INFO Entering the process login method
2024-07-23 20:59:56.2454 INFO Entering the process login method
2024-07-23 20:59:56.2629 INFO Entering the process login method
2024-07-23 21:35:28.9160 INFO Entering the process login method
2024-07-23 21:35:28.9160 INFO Entering the process login method
2024-07-23 21:35:44.2370 INFO Entering the ProcessLogin Method
2024-07-23 21:35:44.2612 INFO Parameter: OCDD.Models.UserModel
2024-07-23 21:35:44.2612 INFO Leaving the ProcessLogin Method
2024-07-23 21:36:02.1036 INFO Entering the process login method
2024-07-23 21:36:02.1036 INFO Entering the process login method
2024-07-23 21:42:00.3454 INFO Entering the process login method
2024-07-23 21:42:00.3614 INFO Entering the process login method
2024-07-23 21:42:10.5249 INFO Entering the ProcessLogin Method
2024-07-23 21:42:10.6556 INFO Login Success
2024-07-23 21:42:10.6556 INFO Parameter: OCDD.Models.UserModel
2024-07-23 21:42:10.6556 INFO Leaving the ProcessLogin Method
2024-07-23 21:43:51.2673 INFO Entering the process login method
2024-07-23 21:43:51.2841 INFO Entering the process login method
2024-07-23 21:43:58.7756 INFO Entering the ProcessLogin Method
2024-07-23 21:43:58.9072 INFO Login Success
2024-07-23 21:43:58.9072 INFO Parameter: OCDD.Models.UserModel
2024-07-23 21:43:58.9072 INFO Leaving the ProcessLogin Method
